0 info it worked if it ends with ok
1 verbose cli [ 'node', '/usr/local/bin/npm', 'publish', '.' ]
2 info using npm@3.10.5
3 info using node@v0.12.10
4 verbose publish [ '.' ]
5 silly cache add args [ '.', null ]
6 verbose cache add spec .
7 silly cache add parsed spec { raw: '.',
7 silly cache add   scope: null,
7 silly cache add   escapedName: null,
7 silly cache add   name: null,
7 silly cache add   rawSpec: '.',
7 silly cache add   spec: '/home/user/Desktop/gitbook-plugin-i18n',
7 silly cache add   type: 'directory' }
8 verbose addLocalDirectory /home/user/.npm/gitbook-plugin-i18n/1.1.0/package.tgz not in flight; packing
9 verbose correctMkdir /home/user/.npm correctMkdir not in flight; initializing
10 info lifecycle gitbook-plugin-i18n@1.1.0~prepublish: gitbook-plugin-i18n@1.1.0
11 silly lifecycle gitbook-plugin-i18n@1.1.0~prepublish: no script for prepublish, continuing
12 verbose tar pack [ '/home/user/.npm/gitbook-plugin-i18n/1.1.0/package.tgz',
12 verbose tar pack   '/home/user/Desktop/gitbook-plugin-i18n' ]
13 verbose tarball /home/user/.npm/gitbook-plugin-i18n/1.1.0/package.tgz
14 verbose folder /home/user/Desktop/gitbook-plugin-i18n
15 verbose addLocalTarball adding from inside cache /home/user/.npm/gitbook-plugin-i18n/1.1.0/package.tgz
16 verbose correctMkdir /home/user/.npm correctMkdir not in flight; initializing
17 silly cache afterAdd gitbook-plugin-i18n@1.1.0
18 verbose afterAdd /home/user/.npm/gitbook-plugin-i18n/1.1.0/package/package.json not in flight; writing
19 verbose correctMkdir /home/user/.npm correctMkdir not in flight; initializing
20 verbose afterAdd /home/user/.npm/gitbook-plugin-i18n/1.1.0/package/package.json written
21 silly publish { name: 'gitbook-plugin-i18n',
21 silly publish   description: 'implement i18n according different url',
21 silly publish   main: 'index.js',
21 silly publish   version: '1.1.0',
21 silly publish   dependencies: { lodash: '^3.10.1' },
21 silly publish   engines: { gitbook: '>=2.4.0' },
21 silly publish   homepage: 'https://github.com/AbnerXin/gitbook-plugin-i18n',
21 silly publish   repository:
21 silly publish    { type: 'git',
21 silly publish      url: 'git+https://github.com/AbnerXin/gitbook-plugin-i18n.git' },
21 silly publish   license: 'Apache-2.0',
21 silly publish   gitbook: { properties: { all: [Object], EnglishUrl: [Object], ChineseUrl: [Object] } },
21 silly publish   devDependencies: { eslint: '^2.7.0' },
21 silly publish   readme: '# plugin-i18n\n\nThis plugin adds i18n buttons in the GitBook website toolbar to implement i18n according different url.\n\n### Use this plugin\n\nadd a `book.json` configuration to use this plugin:\n\n```\n{\n    plugins: ["i18n"]\n}\n```\n\n### Configuration\n\nThis plugin can be configured in the `book.json`:\n\nconfiguration is:\n\n```js\n{\n    "pluginsConfig": {\n        "i18n": {\n            "all": [\n                "english", "chinese"\n            ],\n            "ChineseUrl": "../zh-CN",\n            "EnglishUrl": "../en-US"\n        }\n    }\n}\n```\n\n',
21 silly publish   readmeFilename: 'README.md',
21 silly publish   gitHead: 'ec7795dc639e616c0a5e932f316a6c30ed877bbb',
21 silly publish   bugs: { url: 'https://github.com/AbnerXin/gitbook-plugin-i18n/issues' },
21 silly publish   _id: 'gitbook-plugin-i18n@1.1.0',
21 silly publish   scripts: {},
21 silly publish   _shasum: 'fcde040b8823e518be902e3faa3e61ac0c4094e5',
21 silly publish   _from: '.' }
22 verbose getPublishConfig undefined
23 silly mapToRegistry name gitbook-plugin-i18n
24 silly mapToRegistry using default registry
25 silly mapToRegistry registry http://registry.npmjs.org/
26 silly mapToRegistry data { raw: 'gitbook-plugin-i18n',
26 silly mapToRegistry   scope: null,
26 silly mapToRegistry   escapedName: 'gitbook-plugin-i18n',
26 silly mapToRegistry   name: 'gitbook-plugin-i18n',
26 silly mapToRegistry   rawSpec: '',
26 silly mapToRegistry   spec: 'latest',
26 silly mapToRegistry   type: 'tag' }
27 silly mapToRegistry uri http://registry.npmjs.org/gitbook-plugin-i18n
28 verbose publish registryBase http://registry.npmjs.org/
29 silly publish uploading /home/user/.npm/gitbook-plugin-i18n/1.1.0/package.tgz
30 verbose request uri http://registry.npmjs.org/gitbook-plugin-i18n
31 verbose request sending authorization for write operation
32 info attempt registry request try #1 at 16:47:25
33 verbose request using bearer token for auth
34 verbose request id 763648c4ab73ad47
35 http request PUT http://registry.npmjs.org/gitbook-plugin-i18n
36 http 403 http://registry.npmjs.org/gitbook-plugin-i18n
37 verbose headers { 'content-type': 'application/json',
37 verbose headers   'cache-control': 'max-age=300',
37 verbose headers   'content-length': '95',
37 verbose headers   'accept-ranges': 'bytes',
37 verbose headers   date: 'Fri, 14 Oct 2016 08:47:26 GMT',
37 verbose headers   via: '1.1 varnish',
37 verbose headers   connection: 'keep-alive',
37 verbose headers   'x-served-by': 'cache-lcy1129-LCY',
37 verbose headers   'x-cache': 'MISS',
37 verbose headers   'x-cache-hits': '0',
37 verbose headers   'x-timer': 'S1476434845.409929,VS0,VE875',
37 verbose headers   vary: 'Accept-Encoding' }
38 verbose request invalidating /home/user/.npm/registry.npmjs.org/gitbook-plugin-i18n on PUT
39 error publish Failed PUT 403
40 verbose stack Error: "You cannot publish over the previously published version 1.1.0." : gitbook-plugin-i18n
40 verbose stack     at makeError (/usr/local/lib/node_modules/npm/node_modules/npm-registry-client/lib/request.js:264:12)
40 verbose stack     at CachingRegistryClient.<anonymous> (/usr/local/lib/node_modules/npm/node_modules/npm-registry-client/lib/request.js:252:14)
40 verbose stack     at Request._callback (/usr/local/lib/node_modules/npm/node_modules/npm-registry-client/lib/request.js:172:14)
40 verbose stack     at Request.self.callback (/usr/local/lib/node_modules/npm/node_modules/request/request.js:200:22)
40 verbose stack     at Request.emit (events.js:110:17)
40 verbose stack     at Request.<anonymous> (/usr/local/lib/node_modules/npm/node_modules/request/request.js:1067:10)
40 verbose stack     at Request.emit (events.js:129:20)
40 verbose stack     at IncomingMessage.<anonymous> (/usr/local/lib/node_modules/npm/node_modules/request/request.js:988:12)
40 verbose stack     at IncomingMessage.emit (events.js:129:20)
40 verbose stack     at _stream_readable.js:908:16
41 verbose statusCode 403
42 verbose pkgid gitbook-plugin-i18n
43 verbose cwd /home/user/Desktop/gitbook-plugin-i18n
44 error Linux 3.13.0-32-generic
45 error argv "node" "/usr/local/bin/npm" "publish" "."
46 error node v0.12.10
47 error npm  v3.10.5
48 error code E403
49 error "You cannot publish over the previously published version 1.1.0." : gitbook-plugin-i18n
50 error If you need help, you may report this error at:
50 error     <https://github.com/npm/npm/issues>
51 verbose exit [ 1, true ]
